[2025-07-10 20:52:03]
Content: ### 问题分析：  
1. **环境检查不仔细**：依赖项提到要检查“站点各器件加载”和“moto USB驱动”，但可能实际操作时没逐项确认，导致硬件或驱动没准备好，测试环境不达标。  
2. **检查步骤不明确**：虽然知道要“检查硬件和通信环境”，但没说清楚具体怎么查（比如怎么看器件是否加载成功、驱动是否装好），容易漏查。  
3. **问题反馈不及时**：就算风险低，但环境不满足会导致“无法测试”，可能检查时发现问题没马上告诉负责人（zhigang），拖到测试时才暴露。  


### 建议措施：  
1. **列个简单检查清单**：把要检查的硬件（比如需要连接的设备）和驱动（moto USB驱动）写在纸上或手机备忘录里，一项项打勾确认，确保都弄好了再开始。  
2. **写清楚“怎么查”**：比如“器件加载”可以写成“看设备管理器里有没有黄色感叹号（没有就代表加载成功）”，“驱动检查”写成“插USB后电脑没弹窗提示‘驱动安装失败’就算好”，简单易懂。  
3. **发现问题马上说**：检查时如果看到设备没连好或驱动装不上，立刻告诉zhigang，别等测试时才说，早点解决不耽误事。

[2025-07-10 20:53:31]
Content: ### 问题分析：  
当前测试（硬件控制和状态检查中的ENTRY_HANDLER_L2AUDIO项）依赖站点硬件设备加载和moto USB驱动，但目前未明确检查这两项是否正常。若硬件设备没加载好或USB驱动没装好，会导致测试环境不达标，进而无法开展测试。


### 建议措施：  
测试前先检查两个关键点：  
1. 确认站点所有硬件设备都已正常加载（比如设备是否连接好、能被系统识别）；  
2. 确认moto USB驱动已正确安装（比如驱动没报错、能正常使用）。  
这样能提前确保环境满足要求，避免测试无法进行。

[2025-07-10 20:54:26]
Content: ### 问题分析：  
这个测试项（硬件控制和状态检查）依赖于“站点硬件设备加载”和“moto USB驱动”是否正常。如果这两项没弄好，测试环境就不满足要求，导致没法测试。  


### 建议措施：  
1. 先检查站点的硬件设备（比如各种连接线、配件）有没有正常接好、加载成功（简单说就是设备连没连上、电脑认不认）；  
2. 再看看moto USB驱动有没有装好（比如用数据线连设备后，电脑能不能识别到，没提示“找不到驱动”就行）。  
提前把这两项确认好，就能避免因为环境问题测不了啦。

[2025-07-10 20:56:20]
### 问题分析：  
1. 站点硬件器件可能未正常加载（如设备未连接、未启动或接触不良）。  
2. moto USB驱动可能未安装，或安装的驱动版本不匹配（导致通信失败）。  
3. 硬件环境或通信环境的检查步骤可能不完整（漏掉关键连接或状态确认）。  


### 建议措施：  
1. 先检查硬件设备是否插好、开关是否打开，确保所有器件正常启动。  
2. 确认moto USB驱动是否已安装，若未安装及时安装；若已安装，检查驱动版本是否匹配，不匹配则更换对应版本。  
3. 测试前按清单重新核对硬件连接和驱动状态，确保环境满足要求后再开始测试。

[2025-07-11 01:43:39]
### 问题分析：  
1. 站点硬件设备可能没正确加载（比如设备没插紧、没开机，或者连接松动）；  
2. moto USB驱动可能没装好，或者版本不对，导致设备和电脑通信失败；  
3. 硬件环境和通信环境的检查步骤可能不明确，出问题时不知道先查哪里。  


### 建议措施：  
1. 先检查硬件设备：看看设备有没有插紧、电源开没开，确认所有硬件都正常启动；  
2. 重新安装moto USB驱动：用官方推荐的版本，装完后重启电脑试试；  
3. 写个简单的检查清单：比如先查硬件连接→再查驱动状态→最后测试通信，方便一步步排查问题。

[2025-07-11 01:45:23]
### 问题分析：
1. 硬件器件加载失败  
2. moto USB驱动未正确安装  
3. 硬件通信环境异常  


### 建议措施：
1. 检查硬件连接，确保器件加载成功  
2. 重新安装moto USB驱动  
3. 检查硬件通信线路是否正常

[2025-07-11 01:46:48]
**问题分析：**  
1. 硬件器件加载异常  
2. USB驱动检查未通过  
3. 硬件通信环境不达标  

**建议措施：**  
1. 检查硬件器件连接是否正常  
2. 重新安装moto USB驱动  
3. 确认硬件通信状态是否良好

[2025-07-11 01:47:43]
### 问题分析：
1. 站点器件未加载成功，环境不达标  
2. moto USB驱动未正确安装，影响测试  
3. 硬件连接或通信状态存在异常  

### 建议措施：
1. 检查站点所有器件是否加载成功  
2. 确认moto USB驱动已正确安装好  
3. 重新检查硬件连接和通信状态

[2025-07-11 01:48:26]
### 问题分析：
1. 站点器件未完全加载，硬件准备不充分。
2. moto USB驱动未正确安装，通信连接有问题。
3. 硬件/通信环境检查步骤不清晰，易遗漏项。


### 建议措施：
1. 重新检查所有器件加载状态，确保硬件连接好。
2. 安装或更新moto USB驱动，测试驱动是否正常。
3. 按清单核对硬件和通信环境，确认都满足要求。

[2025-07-11 01:49:07]
### 问题分析：  
1. 站点硬件设备未被系统正确识别（加载失败），可能是连接线松动或设备未通电，导致环境检查不通过。  
2. moto USB驱动安装异常，电脑无法识别设备，通信连接失败，无法完成测试前检查。  
3. 硬件和通信环境的检查步骤不明确，出现问题时排查方向混乱，影响测试准备效率。  


### 建议措施：  
1. 先检查硬件连接线是否插紧、设备电源是否开启，若松动或断电，重新插拔设备并通电重试。  
2. 从moto官网下载最新USB驱动，卸载旧驱动后按提示重新安装，安装时先断开设备，装好再连接。  
3. 制作简单检查清单，列出“查硬件连接”“查驱动状态”等步骤，按顺序操作，方便快速排查问题。

